[2026-03-14T08:01:14.262+0000] {local_task_job_runner.py:120} INFO - ::group::Pre task execution logs
[2026-03-14T08:01:14.291+0000] {taskinstance.py:2073} INFO - Dependencies all met for dep_context=non-requeueable deps ti=<TaskInstance: download_nyc_taxi.clean_taxi_data manual__2026-03-14T08:00:07.053408+00:00 [queued]>
[2026-03-14T08:01:14.301+0000] {taskinstance.py:2073} INFO - Dependencies all met for dep_context=requeueable deps ti=<TaskInstance: download_nyc_taxi.clean_taxi_data manual__2026-03-14T08:00:07.053408+00:00 [queued]>
[2026-03-14T08:01:14.303+0000] {taskinstance.py:2303} INFO - Starting attempt 1 of 1
[2026-03-14T08:01:14.326+0000] {taskinstance.py:2327} INFO - Executing <Task(PythonOperator): clean_taxi_data> on 2026-03-14 08:00:07.053408+00:00
[2026-03-14T08:01:14.334+0000] {warnings.py:110} WARNING - /home/***/.local/lib/python3.12/site-packages/***/task/task_runner/standard_task_runner.py:61: DeprecationWarning: This process (pid=776) is multi-threaded, use of fork() may lead to deadlocks in the child.
  pid = os.fork()

[2026-03-14T08:01:14.336+0000] {standard_task_runner.py:63} INFO - Started process 778 to run task
[2026-03-14T08:01:14.336+0000] {standard_task_runner.py:90} INFO - Running: ['***', 'tasks', 'run', 'download_nyc_taxi', 'clean_taxi_data', 'manual__2026-03-14T08:00:07.053408+00:00', '--job-id', '8', '--raw', '--subdir', 'DAGS_FOLDER/taxi_ingest.py', '--cfg-path', '/tmp/tmpcz1gwkqt']
[2026-03-14T08:01:14.338+0000] {standard_task_runner.py:91} INFO - Job 8: Subtask clean_taxi_data
[2026-03-14T08:01:14.473+0000] {task_command.py:426} INFO - Running <TaskInstance: download_nyc_taxi.clean_taxi_data manual__2026-03-14T08:00:07.053408+00:00 [running]> on host c775e19fd12f
[2026-03-14T08:01:14.591+0000] {taskinstance.py:2644} INFO - Exporting env vars: AIRFLOW_CTX_DAG_OWNER='***' AIRFLOW_CTX_DAG_ID='download_nyc_taxi' AIRFLOW_CTX_TASK_ID='clean_taxi_data' AIRFLOW_CTX_EXECUTION_DATE='2026-03-14T08:00:07.053408+00:00' AIRFLOW_CTX_TRY_NUMBER='1' AIRFLOW_CTX_DAG_RUN_ID='manual__2026-03-14T08:00:07.053408+00:00'
[2026-03-14T08:01:14.593+0000] {taskinstance.py:430} INFO - ::endgroup::
[2026-03-14T08:01:14.610+0000] {taxi_ingest.py:65} INFO - Loading file /tmp/nyc_taxi_raw.csv
[2026-03-14T08:01:14.632+0000] {taxi_ingest.py:70} INFO - Original rows: 1000
[2026-03-14T08:01:14.641+0000] {taxi_ingest.py:74} INFO - Removed 3 rows due to fare_amount
[2026-03-14T08:01:14.644+0000] {taxi_ingest.py:78} INFO - Removed 10 rows due to trip_distance
[2026-03-14T08:01:14.650+0000] {taxi_ingest.py:86} INFO - Removed 0 rows due to null values
[2026-03-14T08:01:14.685+0000] {taxi_ingest.py:97} INFO - Saved cleaned file to /tmp/nyc_taxi_clean.csv
[2026-03-14T08:01:14.707+0000] {python.py:237} INFO - Done. Returned value was: None
[2026-03-14T08:01:14.722+0000] {taskinstance.py:441} INFO - ::group::Post task execution logs
[2026-03-14T08:01:14.750+0000] {taskinstance.py:1205} INFO - Marking task as SUCCESS. dag_id=download_nyc_taxi, task_id=clean_taxi_data, execution_date=20260314T080007, start_date=20260314T080114, end_date=20260314T080114
[2026-03-14T08:01:14.834+0000] {local_task_job_runner.py:240} INFO - Task exited with return code 0
[2026-03-14T08:01:14.874+0000] {taskinstance.py:3482} INFO - 0 downstream tasks scheduled from follow-on schedule check
[2026-03-14T08:01:14.890+0000] {local_task_job_runner.py:222} INFO - ::endgroup::
