[2026-03-14T09:40:55.469+0000] {local_task_job_runner.py:120} INFO - ::group::Pre task execution logs
[2026-03-14T09:40:55.489+0000] {taskinstance.py:2073} INFO - Dependencies all met for dep_context=non-requeueable deps ti=<TaskInstance: taxi_pipeline.ingest_taxi_data manual__2026-03-14T09:40:54.037953+00:00 [queued]>
[2026-03-14T09:40:55.496+0000] {taskinstance.py:2073} INFO - Dependencies all met for dep_context=requeueable deps ti=<TaskInstance: taxi_pipeline.ingest_taxi_data manual__2026-03-14T09:40:54.037953+00:00 [queued]>
[2026-03-14T09:40:55.497+0000] {taskinstance.py:2303} INFO - Starting attempt 1 of 1
[2026-03-14T09:40:55.509+0000] {taskinstance.py:2327} INFO - Executing <Task(PythonOperator): ingest_taxi_data> on 2026-03-14 09:40:54.037953+00:00
[2026-03-14T09:40:55.517+0000] {warnings.py:110} WARNING - /home/***/.local/lib/python3.12/site-packages/***/task/task_runner/standard_task_runner.py:61: DeprecationWarning: This process (pid=260) is multi-threaded, use of fork() may lead to deadlocks in the child.
  pid = os.fork()

[2026-03-14T09:40:55.521+0000] {standard_task_runner.py:63} INFO - Started process 262 to run task
[2026-03-14T09:40:55.520+0000] {standard_task_runner.py:90} INFO - Running: ['***', 'tasks', 'run', 'taxi_pipeline', 'ingest_taxi_data', 'manual__2026-03-14T09:40:54.037953+00:00', '--job-id', '40', '--raw', '--subdir', 'DAGS_FOLDER/taxi_ingest.py', '--cfg-path', '/tmp/tmpe645swu3']
[2026-03-14T09:40:55.523+0000] {standard_task_runner.py:91} INFO - Job 40: Subtask ingest_taxi_data
[2026-03-14T09:40:55.603+0000] {task_command.py:426} INFO - Running <TaskInstance: taxi_pipeline.ingest_taxi_data manual__2026-03-14T09:40:54.037953+00:00 [running]> on host a26ddbac90c0
[2026-03-14T09:40:55.687+0000] {taskinstance.py:2644} INFO - Exporting env vars: AIRFLOW_CTX_DAG_OWNER='***' AIRFLOW_CTX_DAG_ID='taxi_pipeline' AIRFLOW_CTX_TASK_ID='ingest_taxi_data' AIRFLOW_CTX_EXECUTION_DATE='2026-03-14T09:40:54.037953+00:00' AIRFLOW_CTX_TRY_NUMBER='1' AIRFLOW_CTX_DAG_RUN_ID='manual__2026-03-14T09:40:54.037953+00:00'
[2026-03-14T09:40:55.690+0000] {taskinstance.py:430} INFO - ::endgroup::
[2026-03-14T09:42:31.945+0000] {taxi_ingest.py:49} INFO - Downloaded rows: 5001
[2026-03-14T09:42:31.966+0000] {python.py:237} INFO - Done. Returned value was: None
[2026-03-14T09:42:31.967+0000] {taskinstance.py:441} INFO - ::group::Post task execution logs
[2026-03-14T09:42:31.975+0000] {taskinstance.py:1205} INFO - Marking task as SUCCESS. dag_id=taxi_pipeline, task_id=ingest_taxi_data, execution_date=20260314T094054, start_date=20260314T094055, end_date=20260314T094231
[2026-03-14T09:42:32.022+0000] {local_task_job_runner.py:240} INFO - Task exited with return code 0
[2026-03-14T09:42:32.048+0000] {taskinstance.py:3482} INFO - 1 downstream tasks scheduled from follow-on schedule check
[2026-03-14T09:42:32.051+0000] {local_task_job_runner.py:222} INFO - ::endgroup::
