[2026-03-14T09:31:33.204+0000] {local_task_job_runner.py:120} INFO - ::group::Pre task execution logs
[2026-03-14T09:31:33.222+0000] {taskinstance.py:2073} INFO - Dependencies all met for dep_context=non-requeueable deps ti=<TaskInstance: taxi_pipeline.clean_taxi_data manual__2026-03-14T09:29:34.527797+00:00 [queued]>
[2026-03-14T09:31:33.229+0000] {taskinstance.py:2073} INFO - Dependencies all met for dep_context=requeueable deps ti=<TaskInstance: taxi_pipeline.clean_taxi_data manual__2026-03-14T09:29:34.527797+00:00 [queued]>
[2026-03-14T09:31:33.231+0000] {taskinstance.py:2303} INFO - Starting attempt 1 of 1
[2026-03-14T09:31:33.245+0000] {taskinstance.py:2327} INFO - Executing <Task(PythonOperator): clean_taxi_data> on 2026-03-14 09:29:34.527797+00:00
[2026-03-14T09:31:33.255+0000] {warnings.py:110} WARNING - /home/***/.local/lib/python3.12/site-packages/***/task/task_runner/standard_task_runner.py:61: DeprecationWarning: This process (pid=119) is multi-threaded, use of fork() may lead to deadlocks in the child.
  pid = os.fork()

[2026-03-14T09:31:33.257+0000] {standard_task_runner.py:90} INFO - Running: ['***', 'tasks', 'run', 'taxi_pipeline', 'clean_taxi_data', 'manual__2026-03-14T09:29:34.527797+00:00', '--job-id', '35', '--raw', '--subdir', 'DAGS_FOLDER/taxi_ingest.py', '--cfg-path', '/tmp/tmp0az4s161']
[2026-03-14T09:31:33.260+0000] {standard_task_runner.py:63} INFO - Started process 121 to run task
[2026-03-14T09:31:33.260+0000] {standard_task_runner.py:91} INFO - Job 35: Subtask clean_taxi_data
[2026-03-14T09:31:33.323+0000] {task_command.py:426} INFO - Running <TaskInstance: taxi_pipeline.clean_taxi_data manual__2026-03-14T09:29:34.527797+00:00 [running]> on host a26ddbac90c0
[2026-03-14T09:31:33.401+0000] {taskinstance.py:2644} INFO - Exporting env vars: AIRFLOW_CTX_DAG_OWNER='***' AIRFLOW_CTX_DAG_ID='taxi_pipeline' AIRFLOW_CTX_TASK_ID='clean_taxi_data' AIRFLOW_CTX_EXECUTION_DATE='2026-03-14T09:29:34.527797+00:00' AIRFLOW_CTX_TRY_NUMBER='1' AIRFLOW_CTX_DAG_RUN_ID='manual__2026-03-14T09:29:34.527797+00:00'
[2026-03-14T09:31:33.402+0000] {taskinstance.py:430} INFO - ::endgroup::
[2026-03-14T09:31:33.411+0000] {taxi_ingest.py:79} INFO - Loading raw file /tmp/nyc_taxi_raw.csv
[2026-03-14T09:31:33.427+0000] {taxi_ingest.py:88} INFO - Removed 13 rows (fare filter)
[2026-03-14T09:31:33.428+0000] {taxi_ingest.py:93} INFO - Removed 37 rows (distance filter)
[2026-03-14T09:31:33.431+0000] {taxi_ingest.py:102} INFO - Removed 0 rows (null filter)
[2026-03-14T09:31:33.463+0000] {taxi_ingest.py:112} INFO - Cleaned rows: 4950
[2026-03-14T09:31:33.475+0000] {python.py:237} INFO - Done. Returned value was: None
[2026-03-14T09:31:33.476+0000] {taskinstance.py:441} INFO - ::group::Post task execution logs
[2026-03-14T09:31:33.484+0000] {taskinstance.py:1205} INFO - Marking task as SUCCESS. dag_id=taxi_pipeline, task_id=clean_taxi_data, execution_date=20260314T092934, start_date=20260314T093133, end_date=20260314T093133
[2026-03-14T09:31:33.515+0000] {local_task_job_runner.py:240} INFO - Task exited with return code 0
[2026-03-14T09:31:33.539+0000] {taskinstance.py:3482} INFO - 1 downstream tasks scheduled from follow-on schedule check
[2026-03-14T09:31:33.542+0000] {local_task_job_runner.py:222} INFO - ::endgroup::
