[2026-03-14T10:40:55.795+0000] {processor.py:161} INFO - Started process (PID=1692) to work on /opt/airflow/dags/download_taxi_dag.py
[2026-03-14T10:40:55.797+0000] {processor.py:830} INFO - Processing file /opt/airflow/dags/download_taxi_dag.py for tasks to queue
[2026-03-14T10:40:55.799+0000] {logging_mixin.py:188} INFO - [2026-03-14T10:40:55.798+0000] {dagbag.py:540} INFO - Filling up the DagBag from /opt/airflow/dags/download_taxi_dag.py
[2026-03-14T10:40:56.124+0000] {processor.py:840} INFO - DAG(s) 'download_nyc_taxi' retrieved from /opt/airflow/dags/download_taxi_dag.py
[2026-03-14T10:40:56.220+0000] {logging_mixin.py:188} INFO - [2026-03-14T10:40:56.219+0000] {override.py:1829} INFO - Created Permission View: can delete on DAG:download_nyc_taxi
[2026-03-14T10:40:56.229+0000] {logging_mixin.py:188} INFO - [2026-03-14T10:40:56.229+0000] {override.py:1829} INFO - Created Permission View: can read on DAG:download_nyc_taxi
[2026-03-14T10:40:56.237+0000] {logging_mixin.py:188} INFO - [2026-03-14T10:40:56.237+0000] {override.py:1829} INFO - Created Permission View: can edit on DAG:download_nyc_taxi
[2026-03-14T10:40:56.238+0000] {logging_mixin.py:188} INFO - [2026-03-14T10:40:56.238+0000] {dag.py:3096} INFO - Sync 1 DAGs
[2026-03-14T10:40:56.253+0000] {logging_mixin.py:188} INFO - [2026-03-14T10:40:56.253+0000] {dag.py:3118} INFO - Creating ORM DAG for download_nyc_taxi
[2026-03-14T10:40:56.254+0000] {logging_mixin.py:188} INFO - [2026-03-14T10:40:56.254+0000] {dag.py:3954} INFO - Setting next_dagrun for download_nyc_taxi to None, run_after=None
[2026-03-14T10:40:56.274+0000] {processor.py:183} INFO - Processing /opt/airflow/dags/download_taxi_dag.py took 0.484 seconds
[2026-03-14T10:41:27.025+0000] {processor.py:161} INFO - Started process (PID=1750) to work on /opt/airflow/dags/download_taxi_dag.py
[2026-03-14T10:41:27.026+0000] {processor.py:830} INFO - Processing file /opt/airflow/dags/download_taxi_dag.py for tasks to queue
[2026-03-14T10:41:27.029+0000] {logging_mixin.py:188} INFO - [2026-03-14T10:41:27.028+0000] {dagbag.py:540} INFO - Filling up the DagBag from /opt/airflow/dags/download_taxi_dag.py
[2026-03-14T10:41:27.319+0000] {processor.py:840} INFO - DAG(s) 'download_nyc_taxi' retrieved from /opt/airflow/dags/download_taxi_dag.py
[2026-03-14T10:41:27.337+0000] {logging_mixin.py:188} INFO - [2026-03-14T10:41:27.337+0000] {dag.py:3096} INFO - Sync 1 DAGs
[2026-03-14T10:41:27.349+0000] {logging_mixin.py:188} INFO - [2026-03-14T10:41:27.349+0000] {dag.py:3954} INFO - Setting next_dagrun for download_nyc_taxi to None, run_after=None
[2026-03-14T10:41:27.589+0000] {processor.py:183} INFO - Processing /opt/airflow/dags/download_taxi_dag.py took 0.571 seconds
[2026-03-14T10:41:57.695+0000] {processor.py:161} INFO - Started process (PID=1807) to work on /opt/airflow/dags/download_taxi_dag.py
[2026-03-14T10:41:57.697+0000] {processor.py:830} INFO - Processing file /opt/airflow/dags/download_taxi_dag.py for tasks to queue
[2026-03-14T10:41:57.699+0000] {logging_mixin.py:188} INFO - [2026-03-14T10:41:57.699+0000] {dagbag.py:540} INFO - Filling up the DagBag from /opt/airflow/dags/download_taxi_dag.py
[2026-03-14T10:41:58.005+0000] {processor.py:840} INFO - DAG(s) 'download_nyc_taxi' retrieved from /opt/airflow/dags/download_taxi_dag.py
[2026-03-14T10:41:58.027+0000] {logging_mixin.py:188} INFO - [2026-03-14T10:41:58.026+0000] {dag.py:3096} INFO - Sync 1 DAGs
[2026-03-14T10:41:58.040+0000] {logging_mixin.py:188} INFO - [2026-03-14T10:41:58.040+0000] {dag.py:3954} INFO - Setting next_dagrun for download_nyc_taxi to None, run_after=None
[2026-03-14T10:41:58.061+0000] {processor.py:183} INFO - Processing /opt/airflow/dags/download_taxi_dag.py took 0.372 seconds
[2026-03-14T10:42:28.494+0000] {processor.py:161} INFO - Started process (PID=1864) to work on /opt/airflow/dags/download_taxi_dag.py
[2026-03-14T10:42:28.497+0000] {processor.py:830} INFO - Processing file /opt/airflow/dags/download_taxi_dag.py for tasks to queue
[2026-03-14T10:42:28.503+0000] {logging_mixin.py:188} INFO - [2026-03-14T10:42:28.502+0000] {dagbag.py:540} INFO - Filling up the DagBag from /opt/airflow/dags/download_taxi_dag.py
[2026-03-14T10:42:28.849+0000] {processor.py:840} INFO - DAG(s) 'download_nyc_taxi' retrieved from /opt/airflow/dags/download_taxi_dag.py
[2026-03-14T10:42:28.870+0000] {logging_mixin.py:188} INFO - [2026-03-14T10:42:28.869+0000] {dag.py:3096} INFO - Sync 1 DAGs
[2026-03-14T10:42:28.885+0000] {logging_mixin.py:188} INFO - [2026-03-14T10:42:28.884+0000] {dag.py:3954} INFO - Setting next_dagrun for download_nyc_taxi to None, run_after=None
[2026-03-14T10:42:28.907+0000] {processor.py:183} INFO - Processing /opt/airflow/dags/download_taxi_dag.py took 0.422 seconds
[2026-03-14T10:42:59.647+0000] {processor.py:161} INFO - Started process (PID=1921) to work on /opt/airflow/dags/download_taxi_dag.py
[2026-03-14T10:42:59.649+0000] {processor.py:830} INFO - Processing file /opt/airflow/dags/download_taxi_dag.py for tasks to queue
[2026-03-14T10:42:59.653+0000] {logging_mixin.py:188} INFO - [2026-03-14T10:42:59.653+0000] {dagbag.py:540} INFO - Filling up the DagBag from /opt/airflow/dags/download_taxi_dag.py
[2026-03-14T10:42:59.904+0000] {processor.py:840} INFO - DAG(s) 'download_nyc_taxi' retrieved from /opt/airflow/dags/download_taxi_dag.py
[2026-03-14T10:42:59.923+0000] {logging_mixin.py:188} INFO - [2026-03-14T10:42:59.923+0000] {dag.py:3096} INFO - Sync 1 DAGs
[2026-03-14T10:42:59.935+0000] {logging_mixin.py:188} INFO - [2026-03-14T10:42:59.934+0000] {dag.py:3954} INFO - Setting next_dagrun for download_nyc_taxi to None, run_after=None
[2026-03-14T10:42:59.955+0000] {processor.py:183} INFO - Processing /opt/airflow/dags/download_taxi_dag.py took 0.313 seconds
[2026-03-14T10:43:30.597+0000] {processor.py:161} INFO - Started process (PID=1978) to work on /opt/airflow/dags/download_taxi_dag.py
[2026-03-14T10:43:30.598+0000] {processor.py:830} INFO - Processing file /opt/airflow/dags/download_taxi_dag.py for tasks to queue
[2026-03-14T10:43:30.600+0000] {logging_mixin.py:188} INFO - [2026-03-14T10:43:30.600+0000] {dagbag.py:540} INFO - Filling up the DagBag from /opt/airflow/dags/download_taxi_dag.py
[2026-03-14T10:43:30.834+0000] {processor.py:840} INFO - DAG(s) 'download_nyc_taxi' retrieved from /opt/airflow/dags/download_taxi_dag.py
[2026-03-14T10:43:30.849+0000] {logging_mixin.py:188} INFO - [2026-03-14T10:43:30.849+0000] {dag.py:3096} INFO - Sync 1 DAGs
[2026-03-14T10:43:30.862+0000] {logging_mixin.py:188} INFO - [2026-03-14T10:43:30.861+0000] {dag.py:3954} INFO - Setting next_dagrun for download_nyc_taxi to None, run_after=None
[2026-03-14T10:43:30.887+0000] {processor.py:183} INFO - Processing /opt/airflow/dags/download_taxi_dag.py took 0.295 seconds
[2026-03-14T10:44:01.278+0000] {processor.py:161} INFO - Started process (PID=2035) to work on /opt/airflow/dags/download_taxi_dag.py
[2026-03-14T10:44:01.280+0000] {processor.py:830} INFO - Processing file /opt/airflow/dags/download_taxi_dag.py for tasks to queue
[2026-03-14T10:44:01.285+0000] {logging_mixin.py:188} INFO - [2026-03-14T10:44:01.284+0000] {dagbag.py:540} INFO - Filling up the DagBag from /opt/airflow/dags/download_taxi_dag.py
[2026-03-14T10:44:01.570+0000] {processor.py:840} INFO - DAG(s) 'download_nyc_taxi' retrieved from /opt/airflow/dags/download_taxi_dag.py
[2026-03-14T10:44:01.586+0000] {logging_mixin.py:188} INFO - [2026-03-14T10:44:01.586+0000] {dag.py:3096} INFO - Sync 1 DAGs
[2026-03-14T10:44:01.598+0000] {logging_mixin.py:188} INFO - [2026-03-14T10:44:01.598+0000] {dag.py:3954} INFO - Setting next_dagrun for download_nyc_taxi to None, run_after=None
[2026-03-14T10:44:01.617+0000] {processor.py:183} INFO - Processing /opt/airflow/dags/download_taxi_dag.py took 0.348 seconds
[2026-03-14T10:44:31.775+0000] {processor.py:161} INFO - Started process (PID=2092) to work on /opt/airflow/dags/download_taxi_dag.py
[2026-03-14T10:44:31.776+0000] {processor.py:830} INFO - Processing file /opt/airflow/dags/download_taxi_dag.py for tasks to queue
[2026-03-14T10:44:31.778+0000] {logging_mixin.py:188} INFO - [2026-03-14T10:44:31.778+0000] {dagbag.py:540} INFO - Filling up the DagBag from /opt/airflow/dags/download_taxi_dag.py
[2026-03-14T10:44:32.003+0000] {processor.py:840} INFO - DAG(s) 'download_nyc_taxi' retrieved from /opt/airflow/dags/download_taxi_dag.py
[2026-03-14T10:44:32.019+0000] {logging_mixin.py:188} INFO - [2026-03-14T10:44:32.019+0000] {dag.py:3096} INFO - Sync 1 DAGs
[2026-03-14T10:44:32.029+0000] {logging_mixin.py:188} INFO - [2026-03-14T10:44:32.028+0000] {dag.py:3954} INFO - Setting next_dagrun for download_nyc_taxi to None, run_after=None
[2026-03-14T10:44:32.053+0000] {processor.py:183} INFO - Processing /opt/airflow/dags/download_taxi_dag.py took 0.283 seconds
[2026-03-14T10:45:02.470+0000] {processor.py:161} INFO - Started process (PID=2149) to work on /opt/airflow/dags/download_taxi_dag.py
[2026-03-14T10:45:02.472+0000] {processor.py:830} INFO - Processing file /opt/airflow/dags/download_taxi_dag.py for tasks to queue
[2026-03-14T10:45:02.474+0000] {logging_mixin.py:188} INFO - [2026-03-14T10:45:02.474+0000] {dagbag.py:540} INFO - Filling up the DagBag from /opt/airflow/dags/download_taxi_dag.py
[2026-03-14T10:45:02.724+0000] {processor.py:840} INFO - DAG(s) 'download_nyc_taxi' retrieved from /opt/airflow/dags/download_taxi_dag.py
[2026-03-14T10:45:02.743+0000] {logging_mixin.py:188} INFO - [2026-03-14T10:45:02.742+0000] {dag.py:3096} INFO - Sync 1 DAGs
[2026-03-14T10:45:02.754+0000] {logging_mixin.py:188} INFO - [2026-03-14T10:45:02.753+0000] {dag.py:3954} INFO - Setting next_dagrun for download_nyc_taxi to None, run_after=None
[2026-03-14T10:45:02.776+0000] {processor.py:183} INFO - Processing /opt/airflow/dags/download_taxi_dag.py took 0.310 seconds
[2026-03-14T10:45:32.932+0000] {processor.py:161} INFO - Started process (PID=2206) to work on /opt/airflow/dags/download_taxi_dag.py
[2026-03-14T10:45:32.934+0000] {processor.py:830} INFO - Processing file /opt/airflow/dags/download_taxi_dag.py for tasks to queue
[2026-03-14T10:45:32.936+0000] {logging_mixin.py:188} INFO - [2026-03-14T10:45:32.936+0000] {dagbag.py:540} INFO - Filling up the DagBag from /opt/airflow/dags/download_taxi_dag.py
[2026-03-14T10:45:33.196+0000] {processor.py:840} INFO - DAG(s) 'download_nyc_taxi' retrieved from /opt/airflow/dags/download_taxi_dag.py
[2026-03-14T10:45:33.215+0000] {logging_mixin.py:188} INFO - [2026-03-14T10:45:33.215+0000] {dag.py:3096} INFO - Sync 1 DAGs
[2026-03-14T10:45:33.228+0000] {logging_mixin.py:188} INFO - [2026-03-14T10:45:33.228+0000] {dag.py:3954} INFO - Setting next_dagrun for download_nyc_taxi to None, run_after=None
[2026-03-14T10:45:33.249+0000] {processor.py:183} INFO - Processing /opt/airflow/dags/download_taxi_dag.py took 0.322 seconds
[2026-03-14T10:46:03.786+0000] {processor.py:161} INFO - Started process (PID=2263) to work on /opt/airflow/dags/download_taxi_dag.py
[2026-03-14T10:46:03.787+0000] {processor.py:830} INFO - Processing file /opt/airflow/dags/download_taxi_dag.py for tasks to queue
[2026-03-14T10:46:03.789+0000] {logging_mixin.py:188} INFO - [2026-03-14T10:46:03.789+0000] {dagbag.py:540} INFO - Filling up the DagBag from /opt/airflow/dags/download_taxi_dag.py
[2026-03-14T10:46:04.062+0000] {processor.py:840} INFO - DAG(s) 'download_nyc_taxi' retrieved from /opt/airflow/dags/download_taxi_dag.py
[2026-03-14T10:46:04.079+0000] {logging_mixin.py:188} INFO - [2026-03-14T10:46:04.079+0000] {dag.py:3096} INFO - Sync 1 DAGs
[2026-03-14T10:46:04.090+0000] {logging_mixin.py:188} INFO - [2026-03-14T10:46:04.090+0000] {dag.py:3954} INFO - Setting next_dagrun for download_nyc_taxi to None, run_after=None
[2026-03-14T10:46:04.109+0000] {processor.py:183} INFO - Processing /opt/airflow/dags/download_taxi_dag.py took 0.329 seconds
