[2026-03-14T10:40:55.813+0000] {processor.py:161} INFO - Started process (PID=1693) to work on /opt/airflow/dags/taxi_dag.py
[2026-03-14T10:40:55.816+0000] {processor.py:830} INFO - Processing file /opt/airflow/dags/taxi_dag.py for tasks to queue
[2026-03-14T10:40:55.819+0000] {logging_mixin.py:188} INFO - [2026-03-14T10:40:55.819+0000] {dagbag.py:540} INFO - Filling up the DagBag from /opt/airflow/dags/taxi_dag.py
[2026-03-14T10:40:55.881+0000] {logging_mixin.py:188} INFO - [2026-03-14T10:40:55.867+0000] {dagbag.py:350} ERROR - Failed to import: /opt/airflow/dags/taxi_dag.py
Traceback (most recent call last):
  File "/home/airflow/.local/lib/python3.12/site-packages/airflow/models/dagbag.py", line 346, in parse
    loader.exec_module(new_module)
  File "<frozen importlib._bootstrap_external>", line 995, in exec_module
  File "<frozen importlib._bootstrap>", line 488, in _call_with_frames_removed
  File "/opt/airflow/dags/taxi_dag.py", line 2, in <module>
    from airflow.providers.standard.operators.python import PythonOperator
ModuleNotFoundError: No module named 'airflow.providers.standard'
[2026-03-14T10:40:55.885+0000] {processor.py:842} WARNING - No viable dags retrieved from /opt/airflow/dags/taxi_dag.py
[2026-03-14T10:40:55.908+0000] {processor.py:183} INFO - Processing /opt/airflow/dags/taxi_dag.py took 0.104 seconds
[2026-03-14T10:41:25.964+0000] {processor.py:161} INFO - Started process (PID=1749) to work on /opt/airflow/dags/taxi_dag.py
[2026-03-14T10:41:25.965+0000] {processor.py:830} INFO - Processing file /opt/airflow/dags/taxi_dag.py for tasks to queue
[2026-03-14T10:41:25.969+0000] {logging_mixin.py:188} INFO - [2026-03-14T10:41:25.969+0000] {dagbag.py:540} INFO - Filling up the DagBag from /opt/airflow/dags/taxi_dag.py
[2026-03-14T10:41:26.011+0000] {logging_mixin.py:188} INFO - [2026-03-14T10:41:26.005+0000] {dagbag.py:350} ERROR - Failed to import: /opt/airflow/dags/taxi_dag.py
Traceback (most recent call last):
  File "/home/airflow/.local/lib/python3.12/site-packages/airflow/models/dagbag.py", line 346, in parse
    loader.exec_module(new_module)
  File "<frozen importlib._bootstrap_external>", line 995, in exec_module
  File "<frozen importlib._bootstrap>", line 488, in _call_with_frames_removed
  File "/opt/airflow/dags/taxi_dag.py", line 2, in <module>
    from airflow.providers.standard.operators.python import PythonOperator
ModuleNotFoundError: No module named 'airflow.providers.standard'
[2026-03-14T10:41:26.016+0000] {processor.py:842} WARNING - No viable dags retrieved from /opt/airflow/dags/taxi_dag.py
[2026-03-14T10:41:26.038+0000] {processor.py:183} INFO - Processing /opt/airflow/dags/taxi_dag.py took 0.081 seconds
[2026-03-14T10:41:56.617+0000] {processor.py:161} INFO - Started process (PID=1806) to work on /opt/airflow/dags/taxi_dag.py
[2026-03-14T10:41:56.618+0000] {processor.py:830} INFO - Processing file /opt/airflow/dags/taxi_dag.py for tasks to queue
[2026-03-14T10:41:56.620+0000] {logging_mixin.py:188} INFO - [2026-03-14T10:41:56.620+0000] {dagbag.py:540} INFO - Filling up the DagBag from /opt/airflow/dags/taxi_dag.py
[2026-03-14T10:41:56.645+0000] {logging_mixin.py:188} INFO - [2026-03-14T10:41:56.640+0000] {dagbag.py:350} ERROR - Failed to import: /opt/airflow/dags/taxi_dag.py
Traceback (most recent call last):
  File "/home/airflow/.local/lib/python3.12/site-packages/airflow/models/dagbag.py", line 346, in parse
    loader.exec_module(new_module)
  File "<frozen importlib._bootstrap_external>", line 995, in exec_module
  File "<frozen importlib._bootstrap>", line 488, in _call_with_frames_removed
  File "/opt/airflow/dags/taxi_dag.py", line 2, in <module>
    from airflow.providers.standard.operators.python import PythonOperator
ModuleNotFoundError: No module named 'airflow.providers.standard'
[2026-03-14T10:41:56.647+0000] {processor.py:842} WARNING - No viable dags retrieved from /opt/airflow/dags/taxi_dag.py
[2026-03-14T10:41:56.668+0000] {processor.py:183} INFO - Processing /opt/airflow/dags/taxi_dag.py took 0.057 seconds
[2026-03-14T10:42:27.432+0000] {processor.py:161} INFO - Started process (PID=1863) to work on /opt/airflow/dags/taxi_dag.py
[2026-03-14T10:42:27.434+0000] {processor.py:830} INFO - Processing file /opt/airflow/dags/taxi_dag.py for tasks to queue
[2026-03-14T10:42:27.439+0000] {logging_mixin.py:188} INFO - [2026-03-14T10:42:27.438+0000] {dagbag.py:540} INFO - Filling up the DagBag from /opt/airflow/dags/taxi_dag.py
[2026-03-14T10:42:27.481+0000] {logging_mixin.py:188} INFO - [2026-03-14T10:42:27.473+0000] {dagbag.py:350} ERROR - Failed to import: /opt/airflow/dags/taxi_dag.py
Traceback (most recent call last):
  File "/home/airflow/.local/lib/python3.12/site-packages/airflow/models/dagbag.py", line 346, in parse
    loader.exec_module(new_module)
  File "<frozen importlib._bootstrap_external>", line 995, in exec_module
  File "<frozen importlib._bootstrap>", line 488, in _call_with_frames_removed
  File "/opt/airflow/dags/taxi_dag.py", line 2, in <module>
    from airflow.providers.standard.operators.python import PythonOperator
ModuleNotFoundError: No module named 'airflow.providers.standard'
[2026-03-14T10:42:27.484+0000] {processor.py:842} WARNING - No viable dags retrieved from /opt/airflow/dags/taxi_dag.py
[2026-03-14T10:42:27.509+0000] {processor.py:183} INFO - Processing /opt/airflow/dags/taxi_dag.py took 0.085 seconds
[2026-03-14T10:42:57.574+0000] {processor.py:161} INFO - Started process (PID=1920) to work on /opt/airflow/dags/taxi_dag.py
[2026-03-14T10:42:57.576+0000] {processor.py:830} INFO - Processing file /opt/airflow/dags/taxi_dag.py for tasks to queue
[2026-03-14T10:42:57.578+0000] {logging_mixin.py:188} INFO - [2026-03-14T10:42:57.577+0000] {dagbag.py:540} INFO - Filling up the DagBag from /opt/airflow/dags/taxi_dag.py
[2026-03-14T10:42:57.608+0000] {logging_mixin.py:188} INFO - [2026-03-14T10:42:57.600+0000] {dagbag.py:350} ERROR - Failed to import: /opt/airflow/dags/taxi_dag.py
Traceback (most recent call last):
  File "/home/airflow/.local/lib/python3.12/site-packages/airflow/models/dagbag.py", line 346, in parse
    loader.exec_module(new_module)
  File "<frozen importlib._bootstrap_external>", line 995, in exec_module
  File "<frozen importlib._bootstrap>", line 488, in _call_with_frames_removed
  File "/opt/airflow/dags/taxi_dag.py", line 2, in <module>
    from airflow.providers.standard.operators.python import PythonOperator
ModuleNotFoundError: No module named 'airflow.providers.standard'
[2026-03-14T10:42:57.610+0000] {processor.py:842} WARNING - No viable dags retrieved from /opt/airflow/dags/taxi_dag.py
[2026-03-14T10:42:57.628+0000] {processor.py:183} INFO - Processing /opt/airflow/dags/taxi_dag.py took 0.060 seconds
[2026-03-14T10:43:28.527+0000] {processor.py:161} INFO - Started process (PID=1977) to work on /opt/airflow/dags/taxi_dag.py
[2026-03-14T10:43:28.529+0000] {processor.py:830} INFO - Processing file /opt/airflow/dags/taxi_dag.py for tasks to queue
[2026-03-14T10:43:28.530+0000] {logging_mixin.py:188} INFO - [2026-03-14T10:43:28.530+0000] {dagbag.py:540} INFO - Filling up the DagBag from /opt/airflow/dags/taxi_dag.py
[2026-03-14T10:43:28.565+0000] {logging_mixin.py:188} INFO - [2026-03-14T10:43:28.558+0000] {dagbag.py:350} ERROR - Failed to import: /opt/airflow/dags/taxi_dag.py
Traceback (most recent call last):
  File "/home/airflow/.local/lib/python3.12/site-packages/airflow/models/dagbag.py", line 346, in parse
    loader.exec_module(new_module)
  File "<frozen importlib._bootstrap_external>", line 995, in exec_module
  File "<frozen importlib._bootstrap>", line 488, in _call_with_frames_removed
  File "/opt/airflow/dags/taxi_dag.py", line 2, in <module>
    from airflow.providers.standard.operators.python import PythonOperator
ModuleNotFoundError: No module named 'airflow.providers.standard'
[2026-03-14T10:43:28.567+0000] {processor.py:842} WARNING - No viable dags retrieved from /opt/airflow/dags/taxi_dag.py
[2026-03-14T10:43:28.585+0000] {processor.py:183} INFO - Processing /opt/airflow/dags/taxi_dag.py took 0.063 seconds
[2026-03-14T10:43:59.212+0000] {processor.py:161} INFO - Started process (PID=2034) to work on /opt/airflow/dags/taxi_dag.py
[2026-03-14T10:43:59.214+0000] {processor.py:830} INFO - Processing file /opt/airflow/dags/taxi_dag.py for tasks to queue
[2026-03-14T10:43:59.216+0000] {logging_mixin.py:188} INFO - [2026-03-14T10:43:59.215+0000] {dagbag.py:540} INFO - Filling up the DagBag from /opt/airflow/dags/taxi_dag.py
[2026-03-14T10:43:59.243+0000] {logging_mixin.py:188} INFO - [2026-03-14T10:43:59.236+0000] {dagbag.py:350} ERROR - Failed to import: /opt/airflow/dags/taxi_dag.py
Traceback (most recent call last):
  File "/home/airflow/.local/lib/python3.12/site-packages/airflow/models/dagbag.py", line 346, in parse
    loader.exec_module(new_module)
  File "<frozen importlib._bootstrap_external>", line 995, in exec_module
  File "<frozen importlib._bootstrap>", line 488, in _call_with_frames_removed
  File "/opt/airflow/dags/taxi_dag.py", line 2, in <module>
    from airflow.providers.standard.operators.python import PythonOperator
ModuleNotFoundError: No module named 'airflow.providers.standard'
[2026-03-14T10:43:59.245+0000] {processor.py:842} WARNING - No viable dags retrieved from /opt/airflow/dags/taxi_dag.py
[2026-03-14T10:43:59.267+0000] {processor.py:183} INFO - Processing /opt/airflow/dags/taxi_dag.py took 0.060 seconds
[2026-03-14T10:44:29.735+0000] {processor.py:161} INFO - Started process (PID=2091) to work on /opt/airflow/dags/taxi_dag.py
[2026-03-14T10:44:29.737+0000] {processor.py:830} INFO - Processing file /opt/airflow/dags/taxi_dag.py for tasks to queue
[2026-03-14T10:44:29.739+0000] {logging_mixin.py:188} INFO - [2026-03-14T10:44:29.738+0000] {dagbag.py:540} INFO - Filling up the DagBag from /opt/airflow/dags/taxi_dag.py
[2026-03-14T10:44:29.761+0000] {logging_mixin.py:188} INFO - [2026-03-14T10:44:29.756+0000] {dagbag.py:350} ERROR - Failed to import: /opt/airflow/dags/taxi_dag.py
Traceback (most recent call last):
  File "/home/airflow/.local/lib/python3.12/site-packages/airflow/models/dagbag.py", line 346, in parse
    loader.exec_module(new_module)
  File "<frozen importlib._bootstrap_external>", line 995, in exec_module
  File "<frozen importlib._bootstrap>", line 488, in _call_with_frames_removed
  File "/opt/airflow/dags/taxi_dag.py", line 2, in <module>
    from airflow.providers.standard.operators.python import PythonOperator
ModuleNotFoundError: No module named 'airflow.providers.standard'
[2026-03-14T10:44:29.763+0000] {processor.py:842} WARNING - No viable dags retrieved from /opt/airflow/dags/taxi_dag.py
[2026-03-14T10:44:29.779+0000] {processor.py:183} INFO - Processing /opt/airflow/dags/taxi_dag.py took 0.049 seconds
[2026-03-14T10:45:00.354+0000] {processor.py:161} INFO - Started process (PID=2148) to work on /opt/airflow/dags/taxi_dag.py
[2026-03-14T10:45:00.355+0000] {processor.py:830} INFO - Processing file /opt/airflow/dags/taxi_dag.py for tasks to queue
[2026-03-14T10:45:00.357+0000] {logging_mixin.py:188} INFO - [2026-03-14T10:45:00.357+0000] {dagbag.py:540} INFO - Filling up the DagBag from /opt/airflow/dags/taxi_dag.py
[2026-03-14T10:45:00.395+0000] {logging_mixin.py:188} INFO - [2026-03-14T10:45:00.389+0000] {dagbag.py:350} ERROR - Failed to import: /opt/airflow/dags/taxi_dag.py
Traceback (most recent call last):
  File "/home/airflow/.local/lib/python3.12/site-packages/airflow/models/dagbag.py", line 346, in parse
    loader.exec_module(new_module)
  File "<frozen importlib._bootstrap_external>", line 995, in exec_module
  File "<frozen importlib._bootstrap>", line 488, in _call_with_frames_removed
  File "/opt/airflow/dags/taxi_dag.py", line 2, in <module>
    from airflow.providers.standard.operators.python import PythonOperator
ModuleNotFoundError: No module named 'airflow.providers.standard'
[2026-03-14T10:45:00.397+0000] {processor.py:842} WARNING - No viable dags retrieved from /opt/airflow/dags/taxi_dag.py
[2026-03-14T10:45:00.422+0000] {processor.py:183} INFO - Processing /opt/airflow/dags/taxi_dag.py took 0.074 seconds
[2026-03-14T10:45:30.879+0000] {processor.py:161} INFO - Started process (PID=2205) to work on /opt/airflow/dags/taxi_dag.py
[2026-03-14T10:45:30.881+0000] {processor.py:830} INFO - Processing file /opt/airflow/dags/taxi_dag.py for tasks to queue
[2026-03-14T10:45:30.883+0000] {logging_mixin.py:188} INFO - [2026-03-14T10:45:30.882+0000] {dagbag.py:540} INFO - Filling up the DagBag from /opt/airflow/dags/taxi_dag.py
[2026-03-14T10:45:30.914+0000] {logging_mixin.py:188} INFO - [2026-03-14T10:45:30.910+0000] {dagbag.py:350} ERROR - Failed to import: /opt/airflow/dags/taxi_dag.py
Traceback (most recent call last):
  File "/home/airflow/.local/lib/python3.12/site-packages/airflow/models/dagbag.py", line 346, in parse
    loader.exec_module(new_module)
  File "<frozen importlib._bootstrap_external>", line 995, in exec_module
  File "<frozen importlib._bootstrap>", line 488, in _call_with_frames_removed
  File "/opt/airflow/dags/taxi_dag.py", line 2, in <module>
    from airflow.providers.standard.operators.python import PythonOperator
ModuleNotFoundError: No module named 'airflow.providers.standard'
[2026-03-14T10:45:30.916+0000] {processor.py:842} WARNING - No viable dags retrieved from /opt/airflow/dags/taxi_dag.py
[2026-03-14T10:45:30.937+0000] {processor.py:183} INFO - Processing /opt/airflow/dags/taxi_dag.py took 0.064 seconds
[2026-03-14T10:46:01.757+0000] {processor.py:161} INFO - Started process (PID=2262) to work on /opt/airflow/dags/taxi_dag.py
[2026-03-14T10:46:01.759+0000] {processor.py:830} INFO - Processing file /opt/airflow/dags/taxi_dag.py for tasks to queue
[2026-03-14T10:46:01.761+0000] {logging_mixin.py:188} INFO - [2026-03-14T10:46:01.761+0000] {dagbag.py:540} INFO - Filling up the DagBag from /opt/airflow/dags/taxi_dag.py
[2026-03-14T10:46:01.796+0000] {logging_mixin.py:188} INFO - [2026-03-14T10:46:01.790+0000] {dagbag.py:350} ERROR - Failed to import: /opt/airflow/dags/taxi_dag.py
Traceback (most recent call last):
  File "/home/airflow/.local/lib/python3.12/site-packages/airflow/models/dagbag.py", line 346, in parse
    loader.exec_module(new_module)
  File "<frozen importlib._bootstrap_external>", line 995, in exec_module
  File "<frozen importlib._bootstrap>", line 488, in _call_with_frames_removed
  File "/opt/airflow/dags/taxi_dag.py", line 2, in <module>
    from airflow.providers.standard.operators.python import PythonOperator
ModuleNotFoundError: No module named 'airflow.providers.standard'
[2026-03-14T10:46:01.799+0000] {processor.py:842} WARNING - No viable dags retrieved from /opt/airflow/dags/taxi_dag.py
[2026-03-14T10:46:01.815+0000] {processor.py:183} INFO - Processing /opt/airflow/dags/taxi_dag.py took 0.064 seconds
