[2026-03-14T09:41:21.165+0000] {local_task_job_runner.py:120} INFO - ::group::Pre task execution logs
[2026-03-14T09:41:21.181+0000] {taskinstance.py:2073} INFO - Dependencies all met for dep_context=non-requeueable deps ti=<TaskInstance: taxi_pipeline.transform_taxi_data manual__2026-03-14T09:37:13.804364+00:00 [queued]>
[2026-03-14T09:41:21.188+0000] {taskinstance.py:2073} INFO - Dependencies all met for dep_context=requeueable deps ti=<TaskInstance: taxi_pipeline.transform_taxi_data manual__2026-03-14T09:37:13.804364+00:00 [queued]>
[2026-03-14T09:41:21.190+0000] {taskinstance.py:2303} INFO - Starting attempt 1 of 1
[2026-03-14T09:41:21.201+0000] {taskinstance.py:2327} INFO - Executing <Task(PythonOperator): transform_taxi_data> on 2026-03-14 09:37:13.804364+00:00
[2026-03-14T09:41:21.207+0000] {warnings.py:110} WARNING - /home/***/.local/lib/python3.12/site-packages/***/task/task_runner/standard_task_runner.py:61: DeprecationWarning: This process (pid=273) is multi-threaded, use of fork() may lead to deadlocks in the child.
  pid = os.fork()

[2026-03-14T09:41:21.208+0000] {standard_task_runner.py:63} INFO - Started process 275 to run task
[2026-03-14T09:41:21.208+0000] {standard_task_runner.py:90} INFO - Running: ['***', 'tasks', 'run', 'taxi_pipeline', 'transform_taxi_data', 'manual__2026-03-14T09:37:13.804364+00:00', '--job-id', '42', '--raw', '--subdir', 'DAGS_FOLDER/taxi_ingest.py', '--cfg-path', '/tmp/tmptqs3gd0t']
[2026-03-14T09:41:21.210+0000] {standard_task_runner.py:91} INFO - Job 42: Subtask transform_taxi_data
[2026-03-14T09:41:21.288+0000] {task_command.py:426} INFO - Running <TaskInstance: taxi_pipeline.transform_taxi_data manual__2026-03-14T09:37:13.804364+00:00 [running]> on host a26ddbac90c0
[2026-03-14T09:41:21.364+0000] {taskinstance.py:2644} INFO - Exporting env vars: AIRFLOW_CTX_DAG_OWNER='***' AIRFLOW_CTX_DAG_ID='taxi_pipeline' AIRFLOW_CTX_TASK_ID='transform_taxi_data' AIRFLOW_CTX_EXECUTION_DATE='2026-03-14T09:37:13.804364+00:00' AIRFLOW_CTX_TRY_NUMBER='1' AIRFLOW_CTX_DAG_RUN_ID='manual__2026-03-14T09:37:13.804364+00:00'
[2026-03-14T09:41:21.366+0000] {taskinstance.py:430} INFO - ::endgroup::
[2026-03-14T09:41:21.376+0000] {taxi_ingest.py:133} INFO - Loading cleaned file /tmp/nyc_taxi_clean.csv
[2026-03-14T09:41:21.415+0000] {taxi_ingest.py:171} INFO - Removed 34 unrealistic trips
[2026-03-14T09:41:21.455+0000] {taxi_ingest.py:175} INFO - Transformed rows: 4916
[2026-03-14T09:41:21.464+0000] {taxi_ingest.py:177} INFO -        trip_duration_minutes    speed_mph  fare_per_mile
count            4916.000000  4916.000000    4916.000000
mean               18.387249    13.446124       6.008413
std                79.115714     7.587417       8.879511
min                 1.050000     0.021313       1.019737
25%                 5.416667     8.685605       3.913043
50%                 9.416667    11.592638       5.107527
75%                16.100000    15.936355       6.756757
max              1437.533333    73.125000     555.555556
[2026-03-14T09:41:21.478+0000] {python.py:237} INFO - Done. Returned value was: None
[2026-03-14T09:41:21.479+0000] {taskinstance.py:441} INFO - ::group::Post task execution logs
[2026-03-14T09:41:21.487+0000] {taskinstance.py:1205} INFO - Marking task as SUCCESS. dag_id=taxi_pipeline, task_id=transform_taxi_data, execution_date=20260314T093713, start_date=20260314T094121, end_date=20260314T094121
[2026-03-14T09:41:21.504+0000] {local_task_job_runner.py:240} INFO - Task exited with return code 0
[2026-03-14T09:41:21.524+0000] {taskinstance.py:3482} INFO - 1 downstream tasks scheduled from follow-on schedule check
[2026-03-14T09:41:21.527+0000] {local_task_job_runner.py:222} INFO - ::endgroup::
