[2026-03-14T08:36:19.951+0000] {local_task_job_runner.py:120} INFO - ::group::Pre task execution logs
[2026-03-14T08:36:19.973+0000] {taskinstance.py:2073} INFO - Dependencies all met for dep_context=non-requeueable deps ti=<TaskInstance: taxi_ingest_dag.ingest_taxi_data manual__2026-03-14T08:36:17.595415+00:00 [queued]>
[2026-03-14T08:36:19.980+0000] {taskinstance.py:2073} INFO - Dependencies all met for dep_context=requeueable deps ti=<TaskInstance: taxi_ingest_dag.ingest_taxi_data manual__2026-03-14T08:36:17.595415+00:00 [queued]>
[2026-03-14T08:36:19.982+0000] {taskinstance.py:2303} INFO - Starting attempt 1 of 1
[2026-03-14T08:36:19.995+0000] {taskinstance.py:2327} INFO - Executing <Task(PythonOperator): ingest_taxi_data> on 2026-03-14 08:36:17.595415+00:00
[2026-03-14T08:36:20.002+0000] {warnings.py:110} WARNING - /home/***/.local/lib/python3.12/site-packages/***/task/task_runner/standard_task_runner.py:61: DeprecationWarning: This process (pid=77) is multi-threaded, use of fork() may lead to deadlocks in the child.
  pid = os.fork()

[2026-03-14T08:36:20.004+0000] {standard_task_runner.py:90} INFO - Running: ['***', 'tasks', 'run', 'taxi_ingest_dag', 'ingest_taxi_data', 'manual__2026-03-14T08:36:17.595415+00:00', '--job-id', '20', '--raw', '--subdir', 'DAGS_FOLDER/taxi_ingest.py', '--cfg-path', '/tmp/tmpg_vbaylc']
[2026-03-14T08:36:20.005+0000] {standard_task_runner.py:63} INFO - Started process 79 to run task
[2026-03-14T08:36:20.005+0000] {standard_task_runner.py:91} INFO - Job 20: Subtask ingest_taxi_data
[2026-03-14T08:36:20.089+0000] {task_command.py:426} INFO - Running <TaskInstance: taxi_ingest_dag.ingest_taxi_data manual__2026-03-14T08:36:17.595415+00:00 [running]> on host a26ddbac90c0
[2026-03-14T08:36:20.200+0000] {taskinstance.py:2644} INFO - Exporting env vars: AIRFLOW_CTX_DAG_OWNER='***' AIRFLOW_CTX_DAG_ID='taxi_ingest_dag' AIRFLOW_CTX_TASK_ID='ingest_taxi_data' AIRFLOW_CTX_EXECUTION_DATE='2026-03-14T08:36:17.595415+00:00' AIRFLOW_CTX_TRY_NUMBER='1' AIRFLOW_CTX_DAG_RUN_ID='manual__2026-03-14T08:36:17.595415+00:00'
[2026-03-14T08:36:20.201+0000] {taskinstance.py:430} INFO - ::endgroup::
[2026-03-14T08:38:16.286+0000] {taxi_ingest.py:35} INFO - Downloaded 5001 rows
[2026-03-14T08:38:16.301+0000] {python.py:237} INFO - Done. Returned value was: None
[2026-03-14T08:38:16.301+0000] {taskinstance.py:441} INFO - ::group::Post task execution logs
[2026-03-14T08:38:16.308+0000] {taskinstance.py:1205} INFO - Marking task as SUCCESS. dag_id=taxi_ingest_dag, task_id=ingest_taxi_data, execution_date=20260314T083617, start_date=20260314T083619, end_date=20260314T083816
[2026-03-14T08:38:16.337+0000] {local_task_job_runner.py:240} INFO - Task exited with return code 0
[2026-03-14T08:38:16.356+0000] {taskinstance.py:3482} INFO - 1 downstream tasks scheduled from follow-on schedule check
[2026-03-14T08:38:16.359+0000] {local_task_job_runner.py:222} INFO - ::endgroup::
