[2026-03-14T09:42:33.566+0000] {local_task_job_runner.py:120} INFO - ::group::Pre task execution logs
[2026-03-14T09:42:33.587+0000] {taskinstance.py:2073} INFO - Dependencies all met for dep_context=non-requeueable deps ti=<TaskInstance: taxi_pipeline.clean_taxi_data manual__2026-03-14T09:40:54.037953+00:00 [queued]>
[2026-03-14T09:42:33.594+0000] {taskinstance.py:2073} INFO - Dependencies all met for dep_context=requeueable deps ti=<TaskInstance: taxi_pipeline.clean_taxi_data manual__2026-03-14T09:40:54.037953+00:00 [queued]>
[2026-03-14T09:42:33.595+0000] {taskinstance.py:2303} INFO - Starting attempt 1 of 1
[2026-03-14T09:42:33.608+0000] {taskinstance.py:2327} INFO - Executing <Task(PythonOperator): clean_taxi_data> on 2026-03-14 09:40:54.037953+00:00
[2026-03-14T09:42:33.614+0000] {warnings.py:110} WARNING - /home/***/.local/lib/python3.12/site-packages/***/task/task_runner/standard_task_runner.py:61: DeprecationWarning: This process (pid=293) is multi-threaded, use of fork() may lead to deadlocks in the child.
  pid = os.fork()

[2026-03-14T09:42:33.616+0000] {standard_task_runner.py:63} INFO - Started process 295 to run task
[2026-03-14T09:42:33.616+0000] {standard_task_runner.py:90} INFO - Running: ['***', 'tasks', 'run', 'taxi_pipeline', 'clean_taxi_data', 'manual__2026-03-14T09:40:54.037953+00:00', '--job-id', '44', '--raw', '--subdir', 'DAGS_FOLDER/taxi_ingest.py', '--cfg-path', '/tmp/tmpbd8bdda2']
[2026-03-14T09:42:33.617+0000] {standard_task_runner.py:91} INFO - Job 44: Subtask clean_taxi_data
[2026-03-14T09:42:33.750+0000] {task_command.py:426} INFO - Running <TaskInstance: taxi_pipeline.clean_taxi_data manual__2026-03-14T09:40:54.037953+00:00 [running]> on host a26ddbac90c0
[2026-03-14T09:42:33.872+0000] {taskinstance.py:2644} INFO - Exporting env vars: AIRFLOW_CTX_DAG_OWNER='***' AIRFLOW_CTX_DAG_ID='taxi_pipeline' AIRFLOW_CTX_TASK_ID='clean_taxi_data' AIRFLOW_CTX_EXECUTION_DATE='2026-03-14T09:40:54.037953+00:00' AIRFLOW_CTX_TRY_NUMBER='1' AIRFLOW_CTX_DAG_RUN_ID='manual__2026-03-14T09:40:54.037953+00:00'
[2026-03-14T09:42:33.874+0000] {taskinstance.py:430} INFO - ::endgroup::
[2026-03-14T09:42:33.886+0000] {taxi_ingest.py:79} INFO - Loading raw file /tmp/nyc_taxi_raw.csv
[2026-03-14T09:42:33.914+0000] {taxi_ingest.py:88} INFO - Removed 13 rows (fare filter)
[2026-03-14T09:42:33.916+0000] {taxi_ingest.py:93} INFO - Removed 37 rows (distance filter)
[2026-03-14T09:42:33.918+0000] {taxi_ingest.py:102} INFO - Removed 0 rows (null filter)
[2026-03-14T09:42:33.958+0000] {taxi_ingest.py:112} INFO - Cleaned rows: 4950
[2026-03-14T09:42:33.973+0000] {python.py:237} INFO - Done. Returned value was: None
[2026-03-14T09:42:33.975+0000] {taskinstance.py:441} INFO - ::group::Post task execution logs
[2026-03-14T09:42:33.985+0000] {taskinstance.py:1205} INFO - Marking task as SUCCESS. dag_id=taxi_pipeline, task_id=clean_taxi_data, execution_date=20260314T094054, start_date=20260314T094233, end_date=20260314T094233
[2026-03-14T09:42:34.032+0000] {local_task_job_runner.py:240} INFO - Task exited with return code 0
[2026-03-14T09:42:34.063+0000] {taskinstance.py:3482} INFO - 1 downstream tasks scheduled from follow-on schedule check
[2026-03-14T09:42:34.066+0000] {local_task_job_runner.py:222} INFO - ::endgroup::
