[2026-03-14T09:42:37.440+0000] {local_task_job_runner.py:120} INFO - ::group::Pre task execution logs
[2026-03-14T09:42:37.457+0000] {taskinstance.py:2073} INFO - Dependencies all met for dep_context=non-requeueable deps ti=<TaskInstance: taxi_pipeline.load_taxi_model manual__2026-03-14T09:40:54.037953+00:00 [queued]>
[2026-03-14T09:42:37.464+0000] {taskinstance.py:2073} INFO - Dependencies all met for dep_context=requeueable deps ti=<TaskInstance: taxi_pipeline.load_taxi_model manual__2026-03-14T09:40:54.037953+00:00 [queued]>
[2026-03-14T09:42:37.465+0000] {taskinstance.py:2303} INFO - Starting attempt 1 of 1
[2026-03-14T09:42:37.476+0000] {taskinstance.py:2327} INFO - Executing <Task(PythonOperator): load_taxi_model> on 2026-03-14 09:40:54.037953+00:00
[2026-03-14T09:42:37.482+0000] {warnings.py:110} WARNING - /home/***/.local/lib/python3.12/site-packages/***/task/task_runner/standard_task_runner.py:61: DeprecationWarning: This process (pid=299) is multi-threaded, use of fork() may lead to deadlocks in the child.
  pid = os.fork()

[2026-03-14T09:42:37.484+0000] {standard_task_runner.py:63} INFO - Started process 301 to run task
[2026-03-14T09:42:37.484+0000] {standard_task_runner.py:90} INFO - Running: ['***', 'tasks', 'run', 'taxi_pipeline', 'load_taxi_model', 'manual__2026-03-14T09:40:54.037953+00:00', '--job-id', '46', '--raw', '--subdir', 'DAGS_FOLDER/taxi_ingest.py', '--cfg-path', '/tmp/tmpli41kje2']
[2026-03-14T09:42:37.486+0000] {standard_task_runner.py:91} INFO - Job 46: Subtask load_taxi_model
[2026-03-14T09:42:37.553+0000] {task_command.py:426} INFO - Running <TaskInstance: taxi_pipeline.load_taxi_model manual__2026-03-14T09:40:54.037953+00:00 [running]> on host a26ddbac90c0
[2026-03-14T09:42:37.620+0000] {taskinstance.py:2644} INFO - Exporting env vars: AIRFLOW_CTX_DAG_OWNER='***' AIRFLOW_CTX_DAG_ID='taxi_pipeline' AIRFLOW_CTX_TASK_ID='load_taxi_model' AIRFLOW_CTX_EXECUTION_DATE='2026-03-14T09:40:54.037953+00:00' AIRFLOW_CTX_TRY_NUMBER='1' AIRFLOW_CTX_DAG_RUN_ID='manual__2026-03-14T09:40:54.037953+00:00'
[2026-03-14T09:42:37.622+0000] {taskinstance.py:430} INFO - ::endgroup::
[2026-03-14T09:42:37.672+0000] {taskinstance.py:441} INFO - ::group::Post task execution logs
[2026-03-14T09:42:37.677+0000] {taskinstance.py:2890} ERROR - Task failed with exception
Traceback (most recent call last):
  File "/home/airflow/.local/lib/python3.12/site-packages/airflow/models/taskinstance.py", line 465, in _execute_task
    result = _execute_callable(context=context, **execute_callable_kwargs)
             ^^^^^^^^^^^^^^^^^^^^^^^^^^^^^^^^^^^^^^^^^^^^^^^^^^^^^^^^^^^^^
  File "/home/airflow/.local/lib/python3.12/site-packages/airflow/models/taskinstance.py", line 432, in _execute_callable
    return execute_callable(context=context, **execute_callable_kwargs)
           ^^^^^^^^^^^^^^^^^^^^^^^^^^^^^^^^^^^^^^^^^^^^^^^^^^^^^^^^^^^^
  File "/home/airflow/.local/lib/python3.12/site-packages/airflow/models/baseoperator.py", line 400, in wrapper
    return func(self, *args, **kwargs)
           ^^^^^^^^^^^^^^^^^^^^^^^^^^^
  File "/home/airflow/.local/lib/python3.12/site-packages/airflow/operators/python.py", line 235, in execute
    return_value = self.execute_callable()
                   ^^^^^^^^^^^^^^^^^^^^^^^
  File "/home/airflow/.local/lib/python3.12/site-packages/airflow/operators/python.py", line 252, in execute_callable
    return self.python_callable(*self.op_args, **self.op_kwargs)
           ^^^^^^^^^^^^^^^^^^^^^^^^^^^^^^^^^^^^^^^^^^^^^^^^^^^^^
  File "/opt/airflow/dags/taxi_ingest.py", line 211, in load_taxi_model
    engine = create_engine(conn_str)
             ^^^^^^^^^^^^^^^^^^^^^^^
  File "<string>", line 2, in create_engine
  File "/home/airflow/.local/lib/python3.12/site-packages/sqlalchemy/util/deprecations.py", line 375, in warned
    return fn(*args, **kwargs)
           ^^^^^^^^^^^^^^^^^^^
  File "/home/airflow/.local/lib/python3.12/site-packages/sqlalchemy/engine/create.py", line 544, in create_engine
    dbapi = dialect_cls.dbapi(**dbapi_args)
            ^^^^^^^^^^^^^^^^^^^^^^^^^^^^^^^
  File "/home/airflow/.local/lib/python3.12/site-packages/sqlalchemy/dialects/mysql/pymysql.py", line 80, in dbapi
    return __import__("pymysql")
           ^^^^^^^^^^^^^^^^^^^^^
ModuleNotFoundError: No module named 'pymysql'
[2026-03-14T09:42:37.697+0000] {taskinstance.py:1205} INFO - Marking task as FAILED. dag_id=taxi_pipeline, task_id=load_taxi_model, execution_date=20260314T094054, start_date=20260314T094237, end_date=20260314T094237
[2026-03-14T09:42:37.710+0000] {standard_task_runner.py:110} ERROR - Failed to execute job 46 for task load_taxi_model (No module named 'pymysql'; 301)
[2026-03-14T09:42:37.740+0000] {local_task_job_runner.py:240} INFO - Task exited with return code 1
[2026-03-14T09:42:37.753+0000] {taskinstance.py:3482} INFO - 0 downstream tasks scheduled from follow-on schedule check
[2026-03-14T09:42:37.756+0000] {local_task_job_runner.py:222} INFO - ::endgroup::
