[2026-03-14T09:37:15.961+0000] {local_task_job_runner.py:120} INFO - ::group::Pre task execution logs
[2026-03-14T09:37:15.982+0000] {taskinstance.py:2073} INFO - Dependencies all met for dep_context=non-requeueable deps ti=<TaskInstance: taxi_pipeline.ingest_taxi_data manual__2026-03-14T09:37:13.804364+00:00 [queued]>
[2026-03-14T09:37:15.991+0000] {taskinstance.py:2073} INFO - Dependencies all met for dep_context=requeueable deps ti=<TaskInstance: taxi_pipeline.ingest_taxi_data manual__2026-03-14T09:37:13.804364+00:00 [queued]>
[2026-03-14T09:37:15.992+0000] {taskinstance.py:2303} INFO - Starting attempt 1 of 1
[2026-03-14T09:37:16.006+0000] {taskinstance.py:2327} INFO - Executing <Task(PythonOperator): ingest_taxi_data> on 2026-03-14 09:37:13.804364+00:00
[2026-03-14T09:37:16.014+0000] {warnings.py:110} WARNING - /home/***/.local/lib/python3.12/site-packages/***/task/task_runner/standard_task_runner.py:61: DeprecationWarning: This process (pid=208) is multi-threaded, use of fork() may lead to deadlocks in the child.
  pid = os.fork()

[2026-03-14T09:37:16.017+0000] {standard_task_runner.py:63} INFO - Started process 210 to run task
[2026-03-14T09:37:16.016+0000] {standard_task_runner.py:90} INFO - Running: ['***', 'tasks', 'run', 'taxi_pipeline', 'ingest_taxi_data', 'manual__2026-03-14T09:37:13.804364+00:00', '--job-id', '39', '--raw', '--subdir', 'DAGS_FOLDER/taxi_ingest.py', '--cfg-path', '/tmp/tmpd1y6db89']
[2026-03-14T09:37:16.018+0000] {standard_task_runner.py:91} INFO - Job 39: Subtask ingest_taxi_data
[2026-03-14T09:37:16.109+0000] {task_command.py:426} INFO - Running <TaskInstance: taxi_pipeline.ingest_taxi_data manual__2026-03-14T09:37:13.804364+00:00 [running]> on host a26ddbac90c0
[2026-03-14T09:37:16.213+0000] {taskinstance.py:2644} INFO - Exporting env vars: AIRFLOW_CTX_DAG_OWNER='***' AIRFLOW_CTX_DAG_ID='taxi_pipeline' AIRFLOW_CTX_TASK_ID='ingest_taxi_data' AIRFLOW_CTX_EXECUTION_DATE='2026-03-14T09:37:13.804364+00:00' AIRFLOW_CTX_TRY_NUMBER='1' AIRFLOW_CTX_DAG_RUN_ID='manual__2026-03-14T09:37:13.804364+00:00'
[2026-03-14T09:37:16.215+0000] {taskinstance.py:430} INFO - ::endgroup::
[2026-03-14T09:39:17.167+0000] {taxi_ingest.py:60} WARNING - Attempt 1 failed: HTTPSConnectionPool(host='data.cityofnewyork.us', port=443): Read timed out. (read timeout=120)
[2026-03-14T09:41:17.731+0000] {taxi_ingest.py:49} INFO - Downloaded rows: 5001
[2026-03-14T09:41:17.747+0000] {python.py:237} INFO - Done. Returned value was: None
[2026-03-14T09:41:17.748+0000] {taskinstance.py:441} INFO - ::group::Post task execution logs
[2026-03-14T09:41:17.756+0000] {taskinstance.py:1205} INFO - Marking task as SUCCESS. dag_id=taxi_pipeline, task_id=ingest_taxi_data, execution_date=20260314T093713, start_date=20260314T093715, end_date=20260314T094117
[2026-03-14T09:41:17.800+0000] {local_task_job_runner.py:240} INFO - Task exited with return code 0
[2026-03-14T09:41:17.822+0000] {taskinstance.py:3482} INFO - 1 downstream tasks scheduled from follow-on schedule check
[2026-03-14T09:41:17.825+0000] {local_task_job_runner.py:222} INFO - ::endgroup::
