[2026-03-14T09:41:19.451+0000] {local_task_job_runner.py:120} INFO - ::group::Pre task execution logs
[2026-03-14T09:41:19.471+0000] {taskinstance.py:2073} INFO - Dependencies all met for dep_context=non-requeueable deps ti=<TaskInstance: taxi_pipeline.clean_taxi_data manual__2026-03-14T09:37:13.804364+00:00 [queued]>
[2026-03-14T09:41:19.480+0000] {taskinstance.py:2073} INFO - Dependencies all met for dep_context=requeueable deps ti=<TaskInstance: taxi_pipeline.clean_taxi_data manual__2026-03-14T09:37:13.804364+00:00 [queued]>
[2026-03-14T09:41:19.481+0000] {taskinstance.py:2303} INFO - Starting attempt 1 of 1
[2026-03-14T09:41:19.497+0000] {taskinstance.py:2327} INFO - Executing <Task(PythonOperator): clean_taxi_data> on 2026-03-14 09:37:13.804364+00:00
[2026-03-14T09:41:19.504+0000] {warnings.py:110} WARNING - /home/***/.local/lib/python3.12/site-packages/***/task/task_runner/standard_task_runner.py:61: DeprecationWarning: This process (pid=270) is multi-threaded, use of fork() may lead to deadlocks in the child.
  pid = os.fork()

[2026-03-14T09:41:19.507+0000] {standard_task_runner.py:63} INFO - Started process 272 to run task
[2026-03-14T09:41:19.507+0000] {standard_task_runner.py:90} INFO - Running: ['***', 'tasks', 'run', 'taxi_pipeline', 'clean_taxi_data', 'manual__2026-03-14T09:37:13.804364+00:00', '--job-id', '41', '--raw', '--subdir', 'DAGS_FOLDER/taxi_ingest.py', '--cfg-path', '/tmp/tmph8jy_ku6']
[2026-03-14T09:41:19.510+0000] {standard_task_runner.py:91} INFO - Job 41: Subtask clean_taxi_data
[2026-03-14T09:41:19.640+0000] {task_command.py:426} INFO - Running <TaskInstance: taxi_pipeline.clean_taxi_data manual__2026-03-14T09:37:13.804364+00:00 [running]> on host a26ddbac90c0
[2026-03-14T09:41:19.731+0000] {taskinstance.py:2644} INFO - Exporting env vars: AIRFLOW_CTX_DAG_OWNER='***' AIRFLOW_CTX_DAG_ID='taxi_pipeline' AIRFLOW_CTX_TASK_ID='clean_taxi_data' AIRFLOW_CTX_EXECUTION_DATE='2026-03-14T09:37:13.804364+00:00' AIRFLOW_CTX_TRY_NUMBER='1' AIRFLOW_CTX_DAG_RUN_ID='manual__2026-03-14T09:37:13.804364+00:00'
[2026-03-14T09:41:19.733+0000] {taskinstance.py:430} INFO - ::endgroup::
[2026-03-14T09:41:19.743+0000] {taxi_ingest.py:79} INFO - Loading raw file /tmp/nyc_taxi_raw.csv
[2026-03-14T09:41:19.761+0000] {taxi_ingest.py:88} INFO - Removed 13 rows (fare filter)
[2026-03-14T09:41:19.763+0000] {taxi_ingest.py:93} INFO - Removed 37 rows (distance filter)
[2026-03-14T09:41:19.766+0000] {taxi_ingest.py:102} INFO - Removed 0 rows (null filter)
[2026-03-14T09:41:19.802+0000] {taxi_ingest.py:112} INFO - Cleaned rows: 4950
[2026-03-14T09:41:19.816+0000] {python.py:237} INFO - Done. Returned value was: None
[2026-03-14T09:41:19.817+0000] {taskinstance.py:441} INFO - ::group::Post task execution logs
[2026-03-14T09:41:19.824+0000] {taskinstance.py:1205} INFO - Marking task as SUCCESS. dag_id=taxi_pipeline, task_id=clean_taxi_data, execution_date=20260314T093713, start_date=20260314T094119, end_date=20260314T094119
[2026-03-14T09:41:19.847+0000] {local_task_job_runner.py:240} INFO - Task exited with return code 0
[2026-03-14T09:41:19.875+0000] {taskinstance.py:3482} INFO - 1 downstream tasks scheduled from follow-on schedule check
[2026-03-14T09:41:19.879+0000] {local_task_job_runner.py:222} INFO - ::endgroup::
