[2026-03-14T09:31:37.170+0000] {local_task_job_runner.py:120} INFO - ::group::Pre task execution logs
[2026-03-14T09:31:37.191+0000] {taskinstance.py:2073} INFO - Dependencies all met for dep_context=non-requeueable deps ti=<TaskInstance: taxi_pipeline.load_taxi_model manual__2026-03-14T09:29:34.527797+00:00 [queued]>
[2026-03-14T09:31:37.201+0000] {taskinstance.py:2073} INFO - Dependencies all met for dep_context=requeueable deps ti=<TaskInstance: taxi_pipeline.load_taxi_model manual__2026-03-14T09:29:34.527797+00:00 [queued]>
[2026-03-14T09:31:37.202+0000] {taskinstance.py:2303} INFO - Starting attempt 1 of 1
[2026-03-14T09:31:37.214+0000] {taskinstance.py:2327} INFO - Executing <Task(PythonOperator): load_taxi_model> on 2026-03-14 09:29:34.527797+00:00
[2026-03-14T09:31:37.220+0000] {warnings.py:110} WARNING - /home/***/.local/lib/python3.12/site-packages/***/task/task_runner/standard_task_runner.py:61: DeprecationWarning: This process (pid=132) is multi-threaded, use of fork() may lead to deadlocks in the child.
  pid = os.fork()

[2026-03-14T09:31:37.222+0000] {standard_task_runner.py:63} INFO - Started process 134 to run task
[2026-03-14T09:31:37.222+0000] {standard_task_runner.py:90} INFO - Running: ['***', 'tasks', 'run', 'taxi_pipeline', 'load_taxi_model', 'manual__2026-03-14T09:29:34.527797+00:00', '--job-id', '37', '--raw', '--subdir', 'DAGS_FOLDER/taxi_ingest.py', '--cfg-path', '/tmp/tmpikjw6i9a']
[2026-03-14T09:31:37.223+0000] {standard_task_runner.py:91} INFO - Job 37: Subtask load_taxi_model
[2026-03-14T09:31:37.289+0000] {task_command.py:426} INFO - Running <TaskInstance: taxi_pipeline.load_taxi_model manual__2026-03-14T09:29:34.527797+00:00 [running]> on host a26ddbac90c0
[2026-03-14T09:31:37.374+0000] {taskinstance.py:2644} INFO - Exporting env vars: AIRFLOW_CTX_DAG_OWNER='***' AIRFLOW_CTX_DAG_ID='taxi_pipeline' AIRFLOW_CTX_TASK_ID='load_taxi_model' AIRFLOW_CTX_EXECUTION_DATE='2026-03-14T09:29:34.527797+00:00' AIRFLOW_CTX_TRY_NUMBER='1' AIRFLOW_CTX_DAG_RUN_ID='manual__2026-03-14T09:29:34.527797+00:00'
[2026-03-14T09:31:37.376+0000] {taskinstance.py:430} INFO - ::endgroup::
[2026-03-14T09:31:37.411+0000] {taskinstance.py:441} INFO - ::group::Post task execution logs
[2026-03-14T09:31:37.412+0000] {taskinstance.py:2890} ERROR - Task failed with exception
Traceback (most recent call last):
  File "/home/airflow/.local/lib/python3.12/site-packages/airflow/models/taskinstance.py", line 465, in _execute_task
    result = _execute_callable(context=context, **execute_callable_kwargs)
             ^^^^^^^^^^^^^^^^^^^^^^^^^^^^^^^^^^^^^^^^^^^^^^^^^^^^^^^^^^^^^
  File "/home/airflow/.local/lib/python3.12/site-packages/airflow/models/taskinstance.py", line 432, in _execute_callable
    return execute_callable(context=context, **execute_callable_kwargs)
           ^^^^^^^^^^^^^^^^^^^^^^^^^^^^^^^^^^^^^^^^^^^^^^^^^^^^^^^^^^^^
  File "/home/airflow/.local/lib/python3.12/site-packages/airflow/models/baseoperator.py", line 400, in wrapper
    return func(self, *args, **kwargs)
           ^^^^^^^^^^^^^^^^^^^^^^^^^^^
  File "/home/airflow/.local/lib/python3.12/site-packages/airflow/operators/python.py", line 235, in execute
    return_value = self.execute_callable()
                   ^^^^^^^^^^^^^^^^^^^^^^^
  File "/home/airflow/.local/lib/python3.12/site-packages/airflow/operators/python.py", line 252, in execute_callable
    return self.python_callable(*self.op_args, **self.op_kwargs)
           ^^^^^^^^^^^^^^^^^^^^^^^^^^^^^^^^^^^^^^^^^^^^^^^^^^^^^
  File "/opt/airflow/dags/taxi_ingest.py", line 204, in load_taxi_model
    mysql_host = Variable.get("MYSQL_HOST")
                 ^^^^^^^^^^^^^^^^^^^^^^^^^^
  File "/home/airflow/.local/lib/python3.12/site-packages/airflow/models/variable.py", line 143, in get
    raise KeyError(f"Variable {key} does not exist")
KeyError: 'Variable MYSQL_HOST does not exist'
[2026-03-14T09:31:37.428+0000] {taskinstance.py:1205} INFO - Marking task as FAILED. dag_id=taxi_pipeline, task_id=load_taxi_model, execution_date=20260314T092934, start_date=20260314T093137, end_date=20260314T093137
[2026-03-14T09:31:37.439+0000] {standard_task_runner.py:110} ERROR - Failed to execute job 37 for task load_taxi_model ('Variable MYSQL_HOST does not exist'; 134)
[2026-03-14T09:31:37.477+0000] {local_task_job_runner.py:240} INFO - Task exited with return code 1
[2026-03-14T09:31:37.495+0000] {taskinstance.py:3482} INFO - 0 downstream tasks scheduled from follow-on schedule check
[2026-03-14T09:31:37.498+0000] {local_task_job_runner.py:222} INFO - ::endgroup::
