[2026-03-14T08:38:18.527+0000] {local_task_job_runner.py:120} INFO - ::group::Pre task execution logs
[2026-03-14T08:38:18.543+0000] {taskinstance.py:2073} INFO - Dependencies all met for dep_context=non-requeueable deps ti=<TaskInstance: taxi_ingest_dag.clean_taxi_data manual__2026-03-14T08:36:17.595415+00:00 [queued]>
[2026-03-14T08:38:18.551+0000] {taskinstance.py:2073} INFO - Dependencies all met for dep_context=requeueable deps ti=<TaskInstance: taxi_ingest_dag.clean_taxi_data manual__2026-03-14T08:36:17.595415+00:00 [queued]>
[2026-03-14T08:38:18.552+0000] {taskinstance.py:2303} INFO - Starting attempt 1 of 1
[2026-03-14T08:38:18.563+0000] {taskinstance.py:2327} INFO - Executing <Task(PythonOperator): clean_taxi_data> on 2026-03-14 08:36:17.595415+00:00
[2026-03-14T08:38:18.569+0000] {warnings.py:110} WARNING - /home/***/.local/lib/python3.12/site-packages/***/task/task_runner/standard_task_runner.py:61: DeprecationWarning: This process (pid=111) is multi-threaded, use of fork() may lead to deadlocks in the child.
  pid = os.fork()

[2026-03-14T08:38:18.572+0000] {standard_task_runner.py:63} INFO - Started process 113 to run task
[2026-03-14T08:38:18.572+0000] {standard_task_runner.py:90} INFO - Running: ['***', 'tasks', 'run', 'taxi_ingest_dag', 'clean_taxi_data', 'manual__2026-03-14T08:36:17.595415+00:00', '--job-id', '22', '--raw', '--subdir', 'DAGS_FOLDER/taxi_ingest.py', '--cfg-path', '/tmp/tmp0wxt44r3']
[2026-03-14T08:38:18.574+0000] {standard_task_runner.py:91} INFO - Job 22: Subtask clean_taxi_data
[2026-03-14T08:38:18.667+0000] {task_command.py:426} INFO - Running <TaskInstance: taxi_ingest_dag.clean_taxi_data manual__2026-03-14T08:36:17.595415+00:00 [running]> on host a26ddbac90c0
[2026-03-14T08:38:18.744+0000] {taskinstance.py:2644} INFO - Exporting env vars: AIRFLOW_CTX_DAG_OWNER='***' AIRFLOW_CTX_DAG_ID='taxi_ingest_dag' AIRFLOW_CTX_TASK_ID='clean_taxi_data' AIRFLOW_CTX_EXECUTION_DATE='2026-03-14T08:36:17.595415+00:00' AIRFLOW_CTX_TRY_NUMBER='1' AIRFLOW_CTX_DAG_RUN_ID='manual__2026-03-14T08:36:17.595415+00:00'
[2026-03-14T08:38:18.746+0000] {taskinstance.py:430} INFO - ::endgroup::
[2026-03-14T08:38:18.755+0000] {taxi_ingest.py:63} INFO - Loading file /tmp/nyc_taxi_raw.csv
[2026-03-14T08:38:18.770+0000] {taxi_ingest.py:68} INFO - Original rows: 5000
[2026-03-14T08:38:18.772+0000] {taxi_ingest.py:72} INFO - Removed 13 rows due to fare_amount
[2026-03-14T08:38:18.774+0000] {taxi_ingest.py:76} INFO - Removed 37 rows due to trip_distance
[2026-03-14T08:38:18.776+0000] {taxi_ingest.py:84} INFO - Removed 0 rows due to null values
[2026-03-14T08:38:18.814+0000] {taxi_ingest.py:95} INFO - Saved cleaned file to /tmp/nyc_taxi_clean.csv
[2026-03-14T08:38:18.827+0000] {python.py:237} INFO - Done. Returned value was: None
[2026-03-14T08:38:18.828+0000] {taskinstance.py:441} INFO - ::group::Post task execution logs
[2026-03-14T08:38:18.835+0000] {taskinstance.py:1205} INFO - Marking task as SUCCESS. dag_id=taxi_ingest_dag, task_id=clean_taxi_data, execution_date=20260314T083617, start_date=20260314T083818, end_date=20260314T083818
[2026-03-14T08:38:18.868+0000] {local_task_job_runner.py:240} INFO - Task exited with return code 0
[2026-03-14T08:38:18.890+0000] {taskinstance.py:3482} INFO - 0 downstream tasks scheduled from follow-on schedule check
[2026-03-14T08:38:18.893+0000] {local_task_job_runner.py:222} INFO - ::endgroup::
