[2026-03-14T08:00:11.237+0000] {local_task_job_runner.py:120} INFO - ::group::Pre task execution logs
[2026-03-14T08:00:11.262+0000] {taskinstance.py:2073} INFO - Dependencies all met for dep_context=non-requeueable deps ti=<TaskInstance: download_nyc_taxi.download_taxi_data manual__2026-03-14T08:00:07.053408+00:00 [queued]>
[2026-03-14T08:00:11.269+0000] {taskinstance.py:2073} INFO - Dependencies all met for dep_context=requeueable deps ti=<TaskInstance: download_nyc_taxi.download_taxi_data manual__2026-03-14T08:00:07.053408+00:00 [queued]>
[2026-03-14T08:00:11.272+0000] {taskinstance.py:2303} INFO - Starting attempt 1 of 1
[2026-03-14T08:00:11.286+0000] {taskinstance.py:2327} INFO - Executing <Task(PythonOperator): download_taxi_data> on 2026-03-14 08:00:07.053408+00:00
[2026-03-14T08:00:11.293+0000] {warnings.py:110} WARNING - /home/***/.local/lib/python3.12/site-packages/***/task/task_runner/standard_task_runner.py:61: DeprecationWarning: This process (pid=759) is multi-threaded, use of fork() may lead to deadlocks in the child.
  pid = os.fork()

[2026-03-14T08:00:11.295+0000] {standard_task_runner.py:90} INFO - Running: ['***', 'tasks', 'run', 'download_nyc_taxi', 'download_taxi_data', 'manual__2026-03-14T08:00:07.053408+00:00', '--job-id', '7', '--raw', '--subdir', 'DAGS_FOLDER/taxi_ingest.py', '--cfg-path', '/tmp/tmpw497947u']
[2026-03-14T08:00:11.296+0000] {standard_task_runner.py:63} INFO - Started process 761 to run task
[2026-03-14T08:00:11.297+0000] {standard_task_runner.py:91} INFO - Job 7: Subtask download_taxi_data
[2026-03-14T08:00:11.394+0000] {task_command.py:426} INFO - Running <TaskInstance: download_nyc_taxi.download_taxi_data manual__2026-03-14T08:00:07.053408+00:00 [running]> on host c775e19fd12f
[2026-03-14T08:00:11.495+0000] {taskinstance.py:2644} INFO - Exporting env vars: AIRFLOW_CTX_DAG_OWNER='***' AIRFLOW_CTX_DAG_ID='download_nyc_taxi' AIRFLOW_CTX_TASK_ID='download_taxi_data' AIRFLOW_CTX_EXECUTION_DATE='2026-03-14T08:00:07.053408+00:00' AIRFLOW_CTX_TRY_NUMBER='1' AIRFLOW_CTX_DAG_RUN_ID='manual__2026-03-14T08:00:07.053408+00:00'
[2026-03-14T08:00:11.498+0000] {taskinstance.py:430} INFO - ::endgroup::
[2026-03-14T08:00:42.455+0000] {taxi_ingest.py:47} WARNING - Attempt 1 failed: HTTPSConnectionPool(host='data.cityofnewyork.us', port=443): Read timed out. (read timeout=30)
[2026-03-14T08:01:12.505+0000] {taxi_ingest.py:37} INFO - Downloaded 1001 rows
[2026-03-14T08:01:12.527+0000] {python.py:237} INFO - Done. Returned value was: None
[2026-03-14T08:01:12.528+0000] {taskinstance.py:441} INFO - ::group::Post task execution logs
[2026-03-14T08:01:12.542+0000] {taskinstance.py:1205} INFO - Marking task as SUCCESS. dag_id=download_nyc_taxi, task_id=download_taxi_data, execution_date=20260314T080007, start_date=20260314T080011, end_date=20260314T080112
[2026-03-14T08:01:12.569+0000] {local_task_job_runner.py:240} INFO - Task exited with return code 0
[2026-03-14T08:01:12.593+0000] {taskinstance.py:3482} INFO - 1 downstream tasks scheduled from follow-on schedule check
[2026-03-14T08:01:12.597+0000] {local_task_job_runner.py:222} INFO - ::endgroup::
